        -:    0:Source:dominion.c
        -:    0:Graph:dominion.gcno
        -:    0:Data:dominion.gcda
        -:    0:Runs:1
        -:    0:Programs:1
        -:    1:#include "dominion.h"
        -:    2:#include "dominion_helpers.h"
        -:    3:#include "rngs.h"
        -:    4:#include <stdio.h>
        -:    5:#include <math.h>
        -:    6:#include <stdlib.h>
        -:    7:
function compare called 90060 returned 100% blocks executed 83%
    90060:    8:int compare(const void* a, const void* b) {
    90060:    9:  if (*(int*)a > *(int*)b)
branch  0 taken 0% (fallthrough)
branch  1 taken 100%
    #####:   10:    return 1;
    90060:   11:  if (*(int*)a < *(int*)b)
branch  0 taken 27% (fallthrough)
branch  1 taken 73%
    24016:   12:    return -1;
    66044:   13:  return 0;
        -:   14:}
        -:   15:
function newGame called 0 returned 0% blocks executed 0%
    #####:   16:struct gameState* newGame() {
    #####:   17:  struct gameState* g = malloc(sizeof(struct gameState));
    #####:   18:  return g;
        -:   19:}
        -:   20:
function kingdomCards called 0 returned 0% blocks executed 0%
    #####:   21:int* kingdomCards(int k1, int k2, int k3, int k4, int k5, int k6, int k7,
        -:   22:		  int k8, int k9, int k10) {
    #####:   23:  int* k = malloc(10 * sizeof(int));
    #####:   24:  k[0] = k1;
    #####:   25:  k[1] = k2;
    #####:   26:  k[2] = k3;
    #####:   27:  k[3] = k4;
    #####:   28:  k[4] = k5;
    #####:   29:  k[5] = k6;
    #####:   30:  k[6] = k7;
    #####:   31:  k[7] = k8;
    #####:   32:  k[8] = k9;
    #####:   33:  k[9] = k10;
    #####:   34:  return k;
        -:   35:}
        -:   36:
function initializeGame called 2000 returned 100% blocks executed 89%
     2000:   37:int initializeGame(int numPlayers, int kingdomCards[10], int randomSeed,
        -:   38:		   struct gameState *state) {
        -:   39:
        -:   40:  int i;
        -:   41:  int j;
        -:   42:  int it;			
        -:   43:  //set up random number generator
     2000:   44:  SelectStream(1);
call    0 returned 100%
     2000:   45:  PutSeed((long)randomSeed);
call    0 returned 100%
        -:   46:  
        -:   47:  //check number of players
     2000:   48:  if (numPlayers > MAX_PLAYERS || numPlayers < 2)
branch  0 taken 100% (fallthrough)
branch  1 taken 0%
branch  2 taken 0% (fallthrough)
branch  3 taken 100%
        -:   49:    {
    #####:   50:      return -1;
        -:   51:    }
        -:   52:
        -:   53:  //set number of players
     2000:   54:  state->numPlayers = numPlayers;
        -:   55:
        -:   56:  //check selected kingdom cards are different
    22000:   57:  for (i = 0; i < 10; i++)
branch  0 taken 91%
branch  1 taken 9% (fallthrough)
        -:   58:    {
   220000:   59:      for (j = 0; j < 10; j++)
branch  0 taken 91%
branch  1 taken 9% (fallthrough)
        -:   60:        {
   200000:   61:	  if (j != i && kingdomCards[j] == kingdomCards[i])
branch  0 taken 90% (fallthrough)
branch  1 taken 10%
branch  2 taken 0% (fallthrough)
branch  3 taken 100%
        -:   62:	    {
    #####:   63:	      return -1;
        -:   64:	    }
        -:   65:        }
        -:   66:    }
        -:   67:
        -:   68:
        -:   69:  //initialize supply
        -:   70:  ///////////////////////////////
        -:   71:
        -:   72:  //set number of Curse cards
     2000:   73:  if (numPlayers == 2)
branch  0 taken 33% (fallthrough)
branch  1 taken 68%
        -:   74:    {
      650:   75:      state->supplyCount[curse] = 10;
        -:   76:    }
     1350:   77:  else if (numPlayers == 3)
branch  0 taken 52% (fallthrough)
branch  1 taken 48%
        -:   78:    {
      696:   79:      state->supplyCount[curse] = 20;
        -:   80:    }
        -:   81:  else
        -:   82:    {
      654:   83:      state->supplyCount[curse] = 30;
        -:   84:    }
        -:   85:
        -:   86:  //set number of Victory cards
     2000:   87:  if (numPlayers == 2)
branch  0 taken 33% (fallthrough)
branch  1 taken 68%
        -:   88:    {
      650:   89:      state->supplyCount[estate] = 8;
      650:   90:      state->supplyCount[duchy] = 8;
      650:   91:      state->supplyCount[province] = 8;
        -:   92:    }
        -:   93:  else
        -:   94:    {
     1350:   95:      state->supplyCount[estate] = 12;
     1350:   96:      state->supplyCount[duchy] = 12;
     1350:   97:      state->supplyCount[province] = 12;
        -:   98:    }
        -:   99:
        -:  100:  //set number of Treasure cards
     2000:  101:  state->supplyCount[copper] = 60 - (7 * numPlayers);
     2000:  102:  state->supplyCount[silver] = 40;
     2000:  103:  state->supplyCount[gold] = 30;
        -:  104:
        -:  105:  //set number of Kingdom cards
    42000:  106:  for (i = adventurer; i <= treasure_map; i++)       	//loop all cards
branch  0 taken 95%
branch  1 taken 5% (fallthrough)
        -:  107:    {
   330000:  108:      for (j = 0; j < 10; j++)           		//loop chosen cards
branch  0 taken 94%
branch  1 taken 6% (fallthrough)
        -:  109:	{
   310000:  110:	  if (kingdomCards[j] == i)
branch  0 taken 6% (fallthrough)
branch  1 taken 94%
        -:  111:	    {
        -:  112:	      //check if card is a 'Victory' Kingdom card
    20000:  113:	      if (kingdomCards[j] == great_hall || kingdomCards[j] == gardens)
branch  0 taken 100% (fallthrough)
branch  1 taken 0%
branch  2 taken 0% (fallthrough)
branch  3 taken 100%
        -:  114:		{
    #####:  115:		  if (numPlayers == 2){ 
branch  0 never executed
branch  1 never executed
    #####:  116:		    state->supplyCount[i] = 8; 
        -:  117:		  }
    #####:  118:		  else{ state->supplyCount[i] = 12; }
        -:  119:		}
        -:  120:	      else
        -:  121:		{
    20000:  122:		  state->supplyCount[i] = 10;
        -:  123:		}
    20000:  124:	      break;
        -:  125:	    }
        -:  126:	  else    //card is not in the set choosen for the game
        -:  127:	    {
   290000:  128:	      state->supplyCount[i] = -1;
        -:  129:	    }
        -:  130:	}
        -:  131:
        -:  132:    }
        -:  133:
        -:  134:  ////////////////////////
        -:  135:  //supply intilization complete
        -:  136:
        -:  137:  //set player decks
     8004:  138:  for (i = 0; i < numPlayers; i++)
branch  0 taken 75%
branch  1 taken 25% (fallthrough)
        -:  139:    {
     6004:  140:      state->deckCount[i] = 0;
    24016:  141:      for (j = 0; j < 3; j++)
branch  0 taken 75%
branch  1 taken 25% (fallthrough)
        -:  142:	{
    18012:  143:	  state->deck[i][j] = estate;
    18012:  144:	  state->deckCount[i]++;
        -:  145:	}
    48032:  146:      for (j = 3; j < 10; j++)
branch  0 taken 88%
branch  1 taken 13% (fallthrough)
        -:  147:	{
    42028:  148:	  state->deck[i][j] = copper;
    42028:  149:	  state->deckCount[i]++;		
        -:  150:	}
        -:  151:    }
        -:  152:
        -:  153:  //shuffle player decks
     8004:  154:  for (i = 0; i < numPlayers; i++)
branch  0 taken 75%
branch  1 taken 25% (fallthrough)
        -:  155:    {
     6004:  156:      if ( shuffle(i, state) < 0 )
call    0 returned 100%
branch  1 taken 0% (fallthrough)
branch  2 taken 100%
        -:  157:	{
    #####:  158:	  return -1;
        -:  159:	}
        -:  160:    }
        -:  161:
        -:  162:  //draw player hands
     8004:  163:  for (i = 0; i < numPlayers; i++)
branch  0 taken 75%
branch  1 taken 25% (fallthrough)
        -:  164:    {  
        -:  165:      //initialize hand size to zero
     6004:  166:      state->handCount[i] = 0;
     6004:  167:      state->discardCount[i] = 0;
        -:  168:      //draw 5 cards
        -:  169:      // for (j = 0; j < 5; j++)
        -:  170:      //	{
        -:  171:      //	  drawCard(i, state);
        -:  172:      //	}
        -:  173:    }
        -:  174:  
        -:  175:  //set embargo tokens to 0 for all supply piles
    56000:  176:  for (i = 0; i <= treasure_map; i++)
branch  0 taken 96%
branch  1 taken 4% (fallthrough)
        -:  177:    {
    54000:  178:      state->embargoTokens[i] = 0;
        -:  179:    }
        -:  180:
        -:  181:  //initialize first player's turn
     2000:  182:  state->outpostPlayed = 0;
     2000:  183:  state->phase = 0;
     2000:  184:  state->numActions = 1;
     2000:  185:  state->numBuys = 1;
     2000:  186:  state->playedCardCount = 0;
     2000:  187:  state->whoseTurn = 0;
     2000:  188:  state->handCount[state->whoseTurn] = 0;
        -:  189:  //int it; move to top
        -:  190:
        -:  191:  //Moved draw cards to here, only drawing at the start of a turn
    12000:  192:  for (it = 0; it < 5; it++){
branch  0 taken 83%
branch  1 taken 17% (fallthrough)
    10000:  193:    drawCard(state->whoseTurn, state);
call    0 returned 100%
        -:  194:  }
        -:  195:
     2000:  196:  updateCoins(state->whoseTurn, state, 0);
call    0 returned 100%
        -:  197:
     2000:  198:  return 0;
        -:  199:}
        -:  200:
function shuffle called 6004 returned 100% blocks executed 94%
     6004:  201:int shuffle(int player, struct gameState *state) {
        -:  202: 
        -:  203:
        -:  204:  int newDeck[MAX_DECK];
     6004:  205:  int newDeckPos = 0;
        -:  206:  int card;
        -:  207:  int i;
        -:  208:
     6004:  209:  if (state->deckCount[player] < 1)
branch  0 taken 0% (fallthrough)
branch  1 taken 100%
    #####:  210:    return -1;
     6004:  211:  qsort ((void*)(state->deck[player]), state->deckCount[player], sizeof(int), compare); 
call    0 returned 100%
        -:  212:  /* SORT CARDS IN DECK TO ENSURE DETERMINISM! */
        -:  213:
    72048:  214:  while (state->deckCount[player] > 0) {
branch  0 taken 91%
branch  1 taken 9% (fallthrough)
    60040:  215:    card = floor(Random() * state->deckCount[player]);
call    0 returned 100%
    60040:  216:    newDeck[newDeckPos] = state->deck[player][card];
    60040:  217:    newDeckPos++;
   202922:  218:    for (i = card; i < state->deckCount[player]-1; i++) {
branch  0 taken 70%
branch  1 taken 30% (fallthrough)
   142882:  219:      state->deck[player][i] = state->deck[player][i+1];
        -:  220:    }
    60040:  221:    state->deckCount[player]--;
        -:  222:  }
    66044:  223:  for (i = 0; i < newDeckPos; i++) {
branch  0 taken 91%
branch  1 taken 9% (fallthrough)
    60040:  224:    state->deck[player][i] = newDeck[i];
    60040:  225:    state->deckCount[player]++;
        -:  226:  }
        -:  227:
     6004:  228:  return 0;
        -:  229:}
        -:  230:
function playCard called 0 returned 0% blocks executed 0%
    #####:  231:int playCard(int handPos, int choice1, int choice2, int choice3, struct gameState *state) 
        -:  232:{	
        -:  233:  int card;
    #####:  234:  int coin_bonus = 0; 		//tracks coins gain from actions
        -:  235:
        -:  236:  //check if it is the right phase
    #####:  237:  if (state->phase != 0)
branch  0 never executed
branch  1 never executed
        -:  238:    {
    #####:  239:      return -1;
        -:  240:    }
        -:  241:	
        -:  242:  //check if player has enough actions
    #####:  243:  if ( state->numActions < 1 )
branch  0 never executed
branch  1 never executed
        -:  244:    {
    #####:  245:      return -1;
        -:  246:    }
        -:  247:	
        -:  248:  //get card played
    #####:  249:  card = handCard(handPos, state);
call    0 never executed
        -:  250:	
        -:  251:  //check if selected card is an action
    #####:  252:  if ( card < adventurer || card > treasure_map )
branch  0 never executed
branch  1 never executed
branch  2 never executed
branch  3 never executed
        -:  253:    {
    #####:  254:      return -1;
        -:  255:    }
        -:  256:	
        -:  257:  //play card
    #####:  258:  if ( cardEffect(card, choice1, choice2, choice3, state, handPos, &coin_bonus) < 0 )
call    0 never executed
branch  1 never executed
branch  2 never executed
        -:  259:    {
    #####:  260:      return -1;
        -:  261:    }
        -:  262:	
        -:  263:  //reduce number of actions
    #####:  264:  state->numActions--;
        -:  265:
        -:  266:  //update coins (Treasure cards may be added with card draws)
    #####:  267:  updateCoins(state->whoseTurn, state, coin_bonus);
call    0 never executed
        -:  268:	
    #####:  269:  return 0;
        -:  270:}
        -:  271:
function buyCard called 0 returned 0% blocks executed 0%
    #####:  272:int buyCard(int supplyPos, struct gameState *state) {
        -:  273:  int who;
        -:  274:  if (DEBUG){
        -:  275:    printf("Entering buyCard...\n");
        -:  276:  }
        -:  277:
        -:  278:  // I don't know what to do about the phase thing.
        -:  279:
    #####:  280:  who = state->whoseTurn;
        -:  281:
    #####:  282:  if (state->numBuys < 1){
branch  0 never executed
branch  1 never executed
        -:  283:    if (DEBUG)
        -:  284:      printf("You do not have any buys left\n");
    #####:  285:    return -1;
    #####:  286:  } else if (supplyCount(supplyPos, state) <1){
call    0 never executed
branch  1 never executed
branch  2 never executed
        -:  287:    if (DEBUG)
        -:  288:      printf("There are not any of that type of card left\n");
    #####:  289:    return -1;
    #####:  290:  } else if (state->coins < getCost(supplyPos)){
call    0 never executed
branch  1 never executed
branch  2 never executed
        -:  291:    if (DEBUG) 
        -:  292:      printf("You do not have enough money to buy that. You have %d coins.\n", state->coins);
    #####:  293:    return -1;
        -:  294:  } else {
    #####:  295:    state->phase=1;
        -:  296:    //state->supplyCount[supplyPos]--;
    #####:  297:    gainCard(supplyPos, state, 0, who); //card goes in discard, this might be wrong.. (2 means goes into hand, 0 goes into discard)
call    0 never executed
        -:  298:  
    #####:  299:    state->coins = (state->coins) - (getCost(supplyPos));
call    0 never executed
    #####:  300:    state->numBuys--;
        -:  301:    if (DEBUG)
        -:  302:      printf("You bought card number %d for %d coins. You now have %d buys and %d coins.\n", supplyPos, getCost(supplyPos), state->numBuys, state->coins);
        -:  303:  }
        -:  304:
        -:  305:  //state->discard[who][state->discardCount[who]] = supplyPos;
        -:  306:  //state->discardCount[who]++;
        -:  307:    
    #####:  308:  return 0;
        -:  309:}
        -:  310:
function numHandCards called 0 returned 0% blocks executed 0%
    #####:  311:int numHandCards(struct gameState *state) {
    #####:  312:  return state->handCount[ whoseTurn(state) ];
call    0 never executed
        -:  313:}
        -:  314:
function handCard called 0 returned 0% blocks executed 0%
    #####:  315:int handCard(int handPos, struct gameState *state) {
    #####:  316:  int currentPlayer = whoseTurn(state);
call    0 never executed
    #####:  317:  return state->hand[currentPlayer][handPos];
        -:  318:}
        -:  319:
function supplyCount called 24000 returned 100% blocks executed 100%
    24000:  320:int supplyCount(int card, struct gameState *state) {
    24000:  321:  return state->supplyCount[card];
        -:  322:}
        -:  323:
function fullDeckCount called 0 returned 0% blocks executed 0%
    #####:  324:int fullDeckCount(int player, int card, struct gameState *state) {
        -:  325:  int i;
    #####:  326:  int count = 0;
        -:  327:
    #####:  328:  for (i = 0; i < state->deckCount[player]; i++)
branch  0 never executed
branch  1 never executed
        -:  329:    {
    #####:  330:      if (state->deck[player][i] == card) count++;
branch  0 never executed
branch  1 never executed
        -:  331:    }
        -:  332:
    #####:  333:  for (i = 0; i < state->handCount[player]; i++)
branch  0 never executed
branch  1 never executed
        -:  334:    {
    #####:  335:      if (state->hand[player][i] == card) count++;
branch  0 never executed
branch  1 never executed
        -:  336:    }
        -:  337:
    #####:  338:  for (i = 0; i < state->discardCount[player]; i++)
branch  0 never executed
branch  1 never executed
        -:  339:    {
    #####:  340:      if (state->discard[player][i] == card) count++;
branch  0 never executed
branch  1 never executed
        -:  341:    }
        -:  342:
    #####:  343:  return count;
        -:  344:}
        -:  345:
function whoseTurn called 4000 returned 100% blocks executed 100%
     4000:  346:int whoseTurn(struct gameState *state) {
     4000:  347:  return state->whoseTurn;
        -:  348:}
        -:  349:
function endTurn called 0 returned 0% blocks executed 0%
    #####:  350:int endTurn(struct gameState *state) {
        -:  351:  int k;
        -:  352:  int i;
    #####:  353:  int currentPlayer = whoseTurn(state);
call    0 never executed
        -:  354:  
        -:  355:  //Discard hand
    #####:  356:  for (i = 0; i < state->handCount[currentPlayer]; i++){
branch  0 never executed
branch  1 never executed
    #####:  357:    state->discard[currentPlayer][state->discardCount[currentPlayer]++] = state->hand[currentPlayer][i];//Discard
    #####:  358:    state->hand[currentPlayer][i] = -1;//Set card to -1
        -:  359:  }
    #####:  360:  state->handCount[currentPlayer] = 0;//Reset hand count
        -:  361:    
        -:  362:  //Code for determining the player
    #####:  363:  if (currentPlayer < (state->numPlayers - 1)){ 
branch  0 never executed
branch  1 never executed
    #####:  364:    state->whoseTurn = currentPlayer + 1;//Still safe to increment
        -:  365:  }
        -:  366:  else{
    #####:  367:    state->whoseTurn = 0;//Max player has been reached, loop back around to player 1
        -:  368:  }
        -:  369:
    #####:  370:  state->outpostPlayed = 0;
    #####:  371:  state->phase = 0;
    #####:  372:  state->numActions = 1;
    #####:  373:  state->coins = 0;
    #####:  374:  state->numBuys = 1;
    #####:  375:  state->playedCardCount = 0;
    #####:  376:  state->handCount[state->whoseTurn] = 0;
        -:  377:
        -:  378:  //int k; move to top
        -:  379:  //Next player draws hand
    #####:  380:  for (k = 0; k < 5; k++){
branch  0 never executed
branch  1 never executed
    #####:  381:    drawCard(state->whoseTurn, state);//Draw a card
call    0 never executed
        -:  382:  }
        -:  383:
        -:  384:  //Update money
    #####:  385:  updateCoins(state->whoseTurn, state , 0);
call    0 never executed
        -:  386:
    #####:  387:  return 0;
        -:  388:}
        -:  389:
function isGameOver called 0 returned 0% blocks executed 0%
    #####:  390:int isGameOver(struct gameState *state) {
        -:  391:  int i;
        -:  392:  int j;
        -:  393:	
        -:  394:  //if stack of Province cards is empty, the game ends
    #####:  395:  if (state->supplyCount[province] == 0)
branch  0 never executed
branch  1 never executed
        -:  396:    {
    #####:  397:      return 1;
        -:  398:    }
        -:  399:
        -:  400:  //if three supply pile are at 0, the game ends
    #####:  401:  j = 0;
    #####:  402:  for (i = 0; i < 25; i++)
branch  0 never executed
branch  1 never executed
        -:  403:    {
    #####:  404:      if (state->supplyCount[i] == 0)
branch  0 never executed
branch  1 never executed
        -:  405:	{
    #####:  406:	  j++;
        -:  407:	}
        -:  408:    }
    #####:  409:  if ( j >= 3)
branch  0 never executed
branch  1 never executed
        -:  410:    {
    #####:  411:      return 1;
        -:  412:    }
        -:  413:
    #####:  414:  return 0;
        -:  415:}
        -:  416:
function scoreFor called 0 returned 0% blocks executed 0%
    #####:  417:int scoreFor (int player, struct gameState *state) {
        -:  418:
        -:  419:  int i;
    #####:  420:  int score = 0;
        -:  421:  //score from hand
    #####:  422:  for (i = 0; i < state->handCount[player]; i++)
branch  0 never executed
branch  1 never executed
        -:  423:    {
    #####:  424:      if (state->hand[player][i] == curse) { score = score - 1; };
branch  0 never executed
branch  1 never executed
    #####:  425:      if (state->hand[player][i] == estate) { score = score + 1; };
branch  0 never executed
branch  1 never executed
    #####:  426:      if (state->hand[player][i] == duchy) { score = score + 3; };
branch  0 never executed
branch  1 never executed
    #####:  427:      if (state->hand[player][i] == province) { score = score + 6; };
branch  0 never executed
branch  1 never executed
    #####:  428:      if (state->hand[player][i] == great_hall) { score = score + 1; };
branch  0 never executed
branch  1 never executed
    #####:  429:      if (state->hand[player][i] == gardens) { score = score + ( fullDeckCount(player, 0, state) / 10 ); };
branch  0 never executed
branch  1 never executed
call    2 never executed
        -:  430:    }
        -:  431:
        -:  432:  //score from discard
    #####:  433:  for (i = 0; i < state->discardCount[player]; i++)
branch  0 never executed
branch  1 never executed
        -:  434:    {
    #####:  435:      if (state->discard[player][i] == curse) { score = score - 1; };
branch  0 never executed
branch  1 never executed
    #####:  436:      if (state->discard[player][i] == estate) { score = score + 1; };
branch  0 never executed
branch  1 never executed
    #####:  437:      if (state->discard[player][i] == duchy) { score = score + 3; };
branch  0 never executed
branch  1 never executed
    #####:  438:      if (state->discard[player][i] == province) { score = score + 6; };
branch  0 never executed
branch  1 never executed
    #####:  439:      if (state->discard[player][i] == great_hall) { score = score + 1; };
branch  0 never executed
branch  1 never executed
    #####:  440:      if (state->discard[player][i] == gardens) { score = score + ( fullDeckCount(player, 0, state) / 10 ); };
branch  0 never executed
branch  1 never executed
call    2 never executed
        -:  441:    }
        -:  442:
        -:  443:  //score from deck
    #####:  444:  for (i = 0; i < state->discardCount[player]; i++)
branch  0 never executed
branch  1 never executed
        -:  445:    {
    #####:  446:      if (state->deck[player][i] == curse) { score = score - 1; };
branch  0 never executed
branch  1 never executed
    #####:  447:      if (state->deck[player][i] == estate) { score = score + 1; };
branch  0 never executed
branch  1 never executed
    #####:  448:      if (state->deck[player][i] == duchy) { score = score + 3; };
branch  0 never executed
branch  1 never executed
    #####:  449:      if (state->deck[player][i] == province) { score = score + 6; };
branch  0 never executed
branch  1 never executed
    #####:  450:      if (state->deck[player][i] == great_hall) { score = score + 1; };
branch  0 never executed
branch  1 never executed
    #####:  451:      if (state->deck[player][i] == gardens) { score = score + ( fullDeckCount(player, 0, state) / 10 ); };
branch  0 never executed
branch  1 never executed
call    2 never executed
        -:  452:    }
        -:  453:
    #####:  454:  return score;
        -:  455:}
        -:  456:
function getWinners called 0 returned 0% blocks executed 0%
    #####:  457:int getWinners(int players[MAX_PLAYERS], struct gameState *state) {
        -:  458:  int i;	
        -:  459:  int j;
        -:  460:  int highScore;
        -:  461:  int currentPlayer;
        -:  462:
        -:  463:  //get score for each player
    #####:  464:  for (i = 0; i < MAX_PLAYERS; i++)
branch  0 never executed
branch  1 never executed
        -:  465:    {
        -:  466:      //set unused player scores to -9999
    #####:  467:      if (i >= state->numPlayers)
branch  0 never executed
branch  1 never executed
        -:  468:	{
    #####:  469:	  players[i] = -9999;
        -:  470:	}
        -:  471:      else
        -:  472:	{
    #####:  473:	  players[i] = scoreFor (i, state);
call    0 never executed
        -:  474:	}
        -:  475:    }
        -:  476:
        -:  477:  //find highest score
    #####:  478:  j = 0;
    #####:  479:  for (i = 0; i < MAX_PLAYERS; i++)
branch  0 never executed
branch  1 never executed
        -:  480:    {
    #####:  481:      if (players[i] > players[j])
branch  0 never executed
branch  1 never executed
        -:  482:	{
    #####:  483:	  j = i;
        -:  484:	}
        -:  485:    }
    #####:  486:  highScore = players[j];
        -:  487:
        -:  488:  //add 1 to players who had less turns
    #####:  489:  currentPlayer = whoseTurn(state);
call    0 never executed
    #####:  490:  for (i = 0; i < MAX_PLAYERS; i++)
branch  0 never executed
branch  1 never executed
        -:  491:    {
    #####:  492:      if ( players[i] == highScore && i > currentPlayer )
branch  0 never executed
branch  1 never executed
branch  2 never executed
branch  3 never executed
        -:  493:	{
    #####:  494:	  players[i]++;
        -:  495:	}
        -:  496:    }
        -:  497:
        -:  498:  //find new highest score
    #####:  499:  j = 0;
    #####:  500:  for (i = 0; i < MAX_PLAYERS; i++)
branch  0 never executed
branch  1 never executed
        -:  501:    {
    #####:  502:      if ( players[i] > players[j] )
branch  0 never executed
branch  1 never executed
        -:  503:	{
    #####:  504:	  j = i;
        -:  505:	}
        -:  506:    }
    #####:  507:  highScore = players[j];
        -:  508:
        -:  509:  //set winners in array to 1 and rest to 0
    #####:  510:  for (i = 0; i < MAX_PLAYERS; i++)
branch  0 never executed
branch  1 never executed
        -:  511:    {
    #####:  512:      if ( players[i] == highScore )
branch  0 never executed
branch  1 never executed
        -:  513:	{
    #####:  514:	  players[i] = 1;
        -:  515:	}
        -:  516:      else
        -:  517:	{
    #####:  518:	  players[i] = 0;
        -:  519:	}
        -:  520:    }
        -:  521:
    #####:  522:  return 0;
        -:  523:}
        -:  524:
function drawCard called 10000 returned 100% blocks executed 38%
    10000:  525:int drawCard(int player, struct gameState *state)
        -:  526:{	int count;
        -:  527:  int deckCounter;
    10000:  528:  if (state->deckCount[player] <= 0){//Deck is empty
branch  0 taken 0% (fallthrough)
branch  1 taken 100%
        -:  529:    
        -:  530:    //Step 1 Shuffle the discard pile back into a deck
        -:  531:    int i;
        -:  532:    //Move discard to deck
    #####:  533:    for (i = 0; i < state->discardCount[player];i++){
branch  0 never executed
branch  1 never executed
    #####:  534:      state->deck[player][i] = state->discard[player][i];
    #####:  535:      state->discard[player][i] = -1;
        -:  536:    }
        -:  537:
    #####:  538:    state->deckCount[player] = state->discardCount[player];
    #####:  539:    state->discardCount[player] = 0;//Reset discard
        -:  540:
        -:  541:    //Shufffle the deck
    #####:  542:    shuffle(player, state);//Shuffle the deck up and make it so that we can draw
call    0 never executed
        -:  543:   
        -:  544:    if (DEBUG){//Debug statements
        -:  545:      printf("Deck count now: %d\n", state->deckCount[player]);
        -:  546:    }
        -:  547:    
    #####:  548:    state->discardCount[player] = 0;
        -:  549:
        -:  550:    //Step 2 Draw Card
    #####:  551:    count = state->handCount[player];//Get current player's hand count
        -:  552:    
        -:  553:    if (DEBUG){//Debug statements
        -:  554:      printf("Current hand count: %d\n", count);
        -:  555:    }
        -:  556:    
    #####:  557:    deckCounter = state->deckCount[player];//Create a holder for the deck count
        -:  558:
    #####:  559:    if (deckCounter == 0)
branch  0 never executed
branch  1 never executed
    #####:  560:      return -1;
        -:  561:
    #####:  562:    state->hand[player][count] = state->deck[player][deckCounter - 1];//Add card to hand
    #####:  563:    state->deckCount[player]--;
    #####:  564:    state->handCount[player]++;//Increment hand count
        -:  565:  }
        -:  566:
        -:  567:  else{
    10000:  568:    int count = state->handCount[player];//Get current hand count for player
        -:  569:    int deckCounter;
        -:  570:    if (DEBUG){//Debug statements
        -:  571:      printf("Current hand count: %d\n", count);
        -:  572:    }
        -:  573:
    10000:  574:    deckCounter = state->deckCount[player];//Create holder for the deck count
    10000:  575:    state->hand[player][count] = state->deck[player][deckCounter - 1];//Add card to the hand
    10000:  576:    state->deckCount[player]--;
    10000:  577:    state->handCount[player]++;//Increment hand count
        -:  578:  }
        -:  579:
    10000:  580:  return 0;
        -:  581:}
        -:  582:
function getCost called 0 returned 0% blocks executed 0%
    #####:  583:int getCost(int cardNumber)
        -:  584:{
    #####:  585:  switch( cardNumber ) 
branch  0 never executed
branch  1 never executed
branch  2 never executed
branch  3 never executed
branch  4 never executed
branch  5 never executed
branch  6 never executed
branch  7 never executed
branch  8 never executed
branch  9 never executed
branch 10 never executed
branch 11 never executed
branch 12 never executed
branch 13 never executed
branch 14 never executed
branch 15 never executed
branch 16 never executed
branch 17 never executed
branch 18 never executed
branch 19 never executed
branch 20 never executed
branch 21 never executed
branch 22 never executed
branch 23 never executed
branch 24 never executed
branch 25 never executed
branch 26 never executed
branch 27 never executed
        -:  586:    {
        -:  587:    case curse:
    #####:  588:      return 0;
        -:  589:    case estate:
    #####:  590:      return 2;
        -:  591:    case duchy:
    #####:  592:      return 5;
        -:  593:    case province:
    #####:  594:      return 8;
        -:  595:    case copper:
    #####:  596:      return 0;
        -:  597:    case silver:
    #####:  598:      return 3;
        -:  599:    case gold:
    #####:  600:      return 6;
        -:  601:    case adventurer:
    #####:  602:      return 6;
        -:  603:    case council_room:
    #####:  604:      return 5;
        -:  605:    case feast:
    #####:  606:      return 4;
        -:  607:    case gardens:
    #####:  608:      return 4;
        -:  609:    case mine:
    #####:  610:      return 5;
        -:  611:    case remodel:
    #####:  612:      return 4;
        -:  613:    case smithy:
    #####:  614:      return 4;
        -:  615:    case village:
    #####:  616:      return 3;
        -:  617:    case baron:
    #####:  618:      return 4;
        -:  619:    case great_hall:
    #####:  620:      return 3;
        -:  621:    case minion:
    #####:  622:      return 5;
        -:  623:    case steward:
    #####:  624:      return 3;
        -:  625:    case tribute:
    #####:  626:      return 5;
        -:  627:    case ambassador:
    #####:  628:      return 3;
        -:  629:    case cutpurse:
    #####:  630:      return 4;
        -:  631:    case embargo: 
    #####:  632:      return 2;
        -:  633:    case outpost:
    #####:  634:      return 5;
        -:  635:    case salvager:
    #####:  636:      return 4;
        -:  637:    case sea_hag:
    #####:  638:      return 4;
        -:  639:    case treasure_map:
    #####:  640:      return 4;
        -:  641:    }
        -:  642:	
    #####:  643:  return -1;
        -:  644:}
        -:  645:
        -:  646:
function playAdventurer called 2000 returned 100% blocks executed 93%
     2000:  647:int playAdventurer(struct gameState *state) {
        -:  648:
     2000:  649:  int drawntreasure=0;
     2000:  650:  int currentPlayer = whoseTurn(state);
call    0 returned 100%
        -:  651:  int cardDrawn;
        -:  652:  int temphand[MAX_HAND];
     2000:  653:  int z = 0;// this is the counter for the temp hand
        -:  654:  
     8519:  655:  while(drawntreasure<2){
branch  0 taken 69%
branch  1 taken 31% (fallthrough)
     4519:  656:    if (state->deckCount[currentPlayer] <1){//if the deck is empty we need to shuffle discard and add to deck
branch  0 taken 0% (fallthrough)
branch  1 taken 100%
    #####:  657:      shuffle(currentPlayer, state);
call    0 never executed
        -:  658:    }
        -:  659:	//drawCard(currentPlayer, state) //Emily's bug: this is the line of code that was removed to introduce a bug.
     4519:  660:    cardDrawn = state->hand[currentPlayer][state->handCount[currentPlayer]-1];//top card of hand is most recently drawn card.
     4519:  661:    if (cardDrawn == copper || cardDrawn == silver || cardDrawn == gold)
branch  0 taken 11% (fallthrough)
branch  1 taken 89%
branch  2 taken 100% (fallthrough)
branch  3 taken 0%
branch  4 taken 0% (fallthrough)
branch  5 taken 100%
     4000:  662:      drawntreasure++;
        -:  663:    else{
      519:  664:      temphand[z]=cardDrawn;
      519:  665:      state->handCount[currentPlayer]--; //this should just remove the top card (the most recently drawn one).
      519:  666:      z++;
        -:  667:    }
        -:  668:  }
     4519:  669:  while(z-1>=0){
branch  0 taken 21%
branch  1 taken 79% (fallthrough)
      519:  670:    state->discard[currentPlayer][state->discardCount[currentPlayer]++]=temphand[z-1]; // discard all cards in play that have been drawn
      519:  671:    z=z-1;
        -:  672:  }
        -:  673:
     2000:  674:  return 0;
        -:  675:
        -:  676:} 
        -:  677:
        -:  678:
function playCouncilRoom called 0 returned 0% blocks executed 0%
    #####:  679:int playCouncilRoom(struct gameState *state, int handPos) {
        -:  680:
        -:  681:  int i;
    #####:  682:  int currentPlayer = whoseTurn(state);
call    0 never executed
        -:  683:
        -:  684:  //+4 Cards
    #####:  685:  for (i = 0; i < 4; i++)
branch  0 never executed
branch  1 never executed
        -:  686:  {
    #####:  687:    drawCard(currentPlayer, state);
call    0 never executed
        -:  688:  }
        -:  689:
        -:  690:  //+1 Buy
    #####:  691:  state->numBuys--;   //Emily's bug: reduces number of buys by one instead of increases it
        -:  692:
        -:  693:  //Each other player draws a card
    #####:  694:  for (i = 0; i < state->numPlayers; i++)
branch  0 never executed
branch  1 never executed
        -:  695:  {
    #####:  696:    if ( i != currentPlayer )
branch  0 never executed
branch  1 never executed
        -:  697:      {
    #####:  698:        drawCard(i, state);
call    0 never executed
        -:  699:      }
        -:  700:  }
        -:  701:
        -:  702:  //put played card in played card pile
    #####:  703:  discardCard(handPos, currentPlayer, state, 0);
call    0 never executed
        -:  704:
    #####:  705:  return 0;
        -:  706:
        -:  707:}
        -:  708:
        -:  709:
function playSmithy called 0 returned 0% blocks executed 0%
    #####:  710:int playSmithy(struct gameState *state, int handPos) {
        -:  711:
        -:  712:  int i;
    #####:  713:  int currentPlayer = whoseTurn(state);
call    0 never executed
        -:  714:
        -:  715:  //+3 Cards
    #####:  716:  for (i = 0; i <= 3; i++) //Emily's bug: she added an =, which should result in 4 cards being drawn
branch  0 never executed
branch  1 never executed
        -:  717:  {
    #####:  718:    drawCard(currentPlayer, state);
call    0 never executed
        -:  719:  }
        -:  720:
        -:  721:  //discard card from hand
    #####:  722:  discardCard(handPos, currentPlayer, state, 0);
call    0 never executed
        -:  723:
    #####:  724:  return 0;
        -:  725:
        -:  726:}
        -:  727:
        -:  728://Did not seem to find a bug for this card...
function playSteward called 0 returned 0% blocks executed 0%
    #####:  729:int playSteward(int choice1, int choice2, int choice3, struct gameState *state, int handPos) {
        -:  730:  
    #####:  731:  int currentPlayer = whoseTurn(state);
call    0 never executed
        -:  732:
    #####:  733:  if ((choice1 = 1))
        -:  734:  {
        -:  735:    //+2 cards
    #####:  736:    drawCard(currentPlayer, state);
call    0 never executed
    #####:  737:    drawCard(currentPlayer, state);
call    0 never executed
        -:  738:  }
        -:  739:  else if (choice1 == 2)
        -:  740:  {
        -:  741:    //+2 coins
        -:  742:    state->coins = state->coins + 2;
        -:  743:  }
        -:  744:  else
        -:  745:  {
        -:  746:    //trash 2 cards in hand
        -:  747:    discardCard(choice2, currentPlayer, state, 1);
        -:  748:    discardCard(choice3, currentPlayer, state, 1);
        -:  749:  }
        -:  750:
        -:  751:  //discard card from hand
    #####:  752:  discardCard(handPos, currentPlayer, state, 0);
call    0 never executed
        -:  753:
    #####:  754:  return 0;
        -:  755:
        -:  756:}
        -:  757:
        -:  758://did not seem to find a bug for this card...
function playVillage called 0 returned 0% blocks executed 0%
    #####:  759:int playVillage(struct gameState *state, int handPos) {
        -:  760: 
    #####:  761:  int currentPlayer = whoseTurn(state);
call    0 never executed
        -:  762:
        -:  763:   //+1 Card
    #####:  764:  drawCard(currentPlayer, state);
call    0 never executed
        -:  765:
        -:  766:  //+2 Actions
    #####:  767:  state->numActions = state->numActions + 2;
        -:  768:
        -:  769:  //discard played card from hand
    #####:  770:  discardCard(handPos, currentPlayer, state, 0);
call    0 never executed
        -:  771:
    #####:  772:  return 0;
        -:  773:}
        -:  774:
        -:  775:
        -:  776:
        -:  777:
function cardEffect called 2000 returned 100% blocks executed 3%
     2000:  778:int cardEffect(int card, int choice1, int choice2, int choice3, struct gameState *state, int handPos, int *bonus)
        -:  779:{
        -:  780:  int i;
        -:  781:  int j;
        -:  782:  int k;
        -:  783:  int x;
        -:  784:  int index;
     2000:  785:  int currentPlayer = whoseTurn(state);
call    0 returned 100%
     2000:  786:  int nextPlayer = currentPlayer + 1;
        -:  787:
     2000:  788:  int tributeRevealedCards[2] = {-1, -1};
        -:  789:  int temphand[MAX_HAND];// moved above the if statement
     2000:  790:  if (nextPlayer > (state->numPlayers - 1)){
branch  0 taken 0% (fallthrough)
branch  1 taken 100%
    #####:  791:    nextPlayer = 0;
        -:  792:  }
        -:  793:  
        -:  794:	
        -:  795:  //uses switch to select card and perform actions
     2000:  796:  switch( card ) 
branch  0 taken 100%
branch  1 taken 0%
branch  2 taken 0%
branch  3 taken 0%
branch  4 taken 0%
branch  5 taken 0%
branch  6 taken 0%
branch  7 taken 0%
branch  8 taken 0%
branch  9 taken 0%
branch 10 taken 0%
branch 11 taken 0%
branch 12 taken 0%
branch 13 taken 0%
branch 14 taken 0%
branch 15 taken 0%
branch 16 taken 0%
branch 17 taken 0%
branch 18 taken 0%
branch 19 taken 0%
branch 20 taken 0%
        -:  797:    {
        -:  798:    case adventurer:
     2000:  799:      playAdventurer(state);
call    0 returned 100%
     2000:  800:      return 0;
        -:  801:			
        -:  802:    case council_room:
    #####:  803:      playCouncilRoom(state, handPos);			
call    0 never executed
    #####:  804:      return 0;
        -:  805:			
        -:  806:    case feast:
        -:  807:      //gain card with cost up to 5
        -:  808:      //Backup hand
    #####:  809:      for (i = 0; i <= state->handCount[currentPlayer]; i++){
branch  0 never executed
branch  1 never executed
    #####:  810:	temphand[i] = state->hand[currentPlayer][i];//Backup card
    #####:  811:	state->hand[currentPlayer][i] = -1;//Set to nothing
        -:  812:      }
        -:  813:      //Backup hand
        -:  814:
        -:  815:      //Update Coins for Buy
    #####:  816:      updateCoins(currentPlayer, state, 5);
call    0 never executed
    #####:  817:      x = 1;//Condition to loop on
    #####:  818:      while( x == 1) {//Buy one card
branch  0 never executed
branch  1 never executed
    #####:  819:	if (supplyCount(choice1, state) <= 0){
call    0 never executed
branch  1 never executed
branch  2 never executed
        -:  820:	  if (DEBUG)
        -:  821:	    printf("None of that card left, sorry!\n");
        -:  822:
        -:  823:	  if (DEBUG){
        -:  824:	    printf("Cards Left: %d\n", supplyCount(choice1, state));
        -:  825:	  }
        -:  826:	}
    #####:  827:	else if (state->coins < getCost(choice1)){
call    0 never executed
branch  1 never executed
branch  2 never executed
    #####:  828:	  printf("That card is too expensive!\n");
call    0 never executed
        -:  829:
        -:  830:	  if (DEBUG){
        -:  831:	    printf("Coins: %d < %d\n", state->coins, getCost(choice1));
        -:  832:	  }
        -:  833:	}
        -:  834:	else{
        -:  835:
        -:  836:	  if (DEBUG){
        -:  837:	    printf("Deck Count: %d\n", state->handCount[currentPlayer] + state->deckCount[currentPlayer] + state->discardCount[currentPlayer]);
        -:  838:	  }
        -:  839:
    #####:  840:	  gainCard(choice1, state, 0, currentPlayer);//Gain the card
call    0 never executed
    #####:  841:	  x = 0;//No more buying cards
        -:  842:
        -:  843:	  if (DEBUG){
        -:  844:	    printf("Deck Count: %d\n", state->handCount[currentPlayer] + state->deckCount[currentPlayer] + state->discardCount[currentPlayer]);
        -:  845:	  }
        -:  846:
        -:  847:	}
        -:  848:      }     
        -:  849:
        -:  850:      //Reset Hand
    #####:  851:      for (i = 0; i <= state->handCount[currentPlayer]; i++){
branch  0 never executed
branch  1 never executed
    #####:  852:	state->hand[currentPlayer][i] = temphand[i];
    #####:  853:	temphand[i] = -1;
        -:  854:      }
        -:  855:      //Reset Hand
        -:  856:      			
    #####:  857:      return 0;
        -:  858:			
        -:  859:    case gardens:
    #####:  860:      return -1;
        -:  861:			
        -:  862:    case mine:
    #####:  863:      j = state->hand[currentPlayer][choice1];  //store card we will trash
        -:  864:
    #####:  865:      if (state->hand[currentPlayer][choice1] < copper || state->hand[currentPlayer][choice1] > gold)
branch  0 never executed
branch  1 never executed
branch  2 never executed
branch  3 never executed
        -:  866:	{
    #####:  867:	  return -1;
        -:  868:	}
        -:  869:		
    #####:  870:      if (choice2 > treasure_map || choice2 < curse)
branch  0 never executed
branch  1 never executed
branch  2 never executed
branch  3 never executed
        -:  871:	{
    #####:  872:	  return -1;
        -:  873:	}
        -:  874:
    #####:  875:      if ( (getCost(state->hand[currentPlayer][choice1]) + 3) > getCost(choice2) )
call    0 never executed
call    1 never executed
branch  2 never executed
branch  3 never executed
        -:  876:	{
    #####:  877:	  return -1;
        -:  878:	}
        -:  879:
    #####:  880:      gainCard(choice2, state, 2, currentPlayer);
call    0 never executed
        -:  881:
        -:  882:      //discard card from hand
    #####:  883:      discardCard(handPos, currentPlayer, state, 0);
call    0 never executed
        -:  884:
        -:  885:      //discard trashed card
    #####:  886:      for (i = 0; i < state->handCount[currentPlayer]; i++)
branch  0 never executed
branch  1 never executed
        -:  887:	{
    #####:  888:	  if (state->hand[currentPlayer][i] == j)
branch  0 never executed
branch  1 never executed
        -:  889:	    {
    #####:  890:	      discardCard(i, currentPlayer, state, 0);			
call    0 never executed
    #####:  891:	      break;
        -:  892:	    }
        -:  893:	}
        -:  894:			
    #####:  895:      return 0;
        -:  896:			
        -:  897:    case remodel:
    #####:  898:      j = state->hand[currentPlayer][choice1];  //store card we will trash
        -:  899:
    #####:  900:      if ( (getCost(state->hand[currentPlayer][choice1]) + 2) > getCost(choice2) )
call    0 never executed
call    1 never executed
branch  2 never executed
branch  3 never executed
        -:  901:	{
    #####:  902:	  return -1;
        -:  903:	}
        -:  904:
    #####:  905:      gainCard(choice2, state, 0, currentPlayer);
call    0 never executed
        -:  906:
        -:  907:      //discard card from hand
    #####:  908:      discardCard(handPos, currentPlayer, state, 0);
call    0 never executed
        -:  909:
        -:  910:      //discard trashed card
    #####:  911:      for (i = 0; i < state->handCount[currentPlayer]; i++)
branch  0 never executed
branch  1 never executed
        -:  912:	{
    #####:  913:	  if (state->hand[currentPlayer][i] == j)
branch  0 never executed
branch  1 never executed
        -:  914:	    {
    #####:  915:	      discardCard(i, currentPlayer, state, 0);			
call    0 never executed
    #####:  916:	      break;
        -:  917:	    }
        -:  918:	}
        -:  919:
        -:  920:
    #####:  921:      return 0;
        -:  922:		
        -:  923:    case smithy:
    #####:  924:      playSmithy(state, handPos);
call    0 never executed
    #####:  925:      return 0;
        -:  926:		
        -:  927:    case village:
    #####:  928:      playVillage(state, handPos);
call    0 never executed
    #####:  929:      return 0;
        -:  930:		
        -:  931:    case baron:
    #####:  932:      state->numBuys++;//Increase buys by 1!
    #####:  933:      if (choice1 > 0){//Boolean true or going to discard an estate
branch  0 never executed
branch  1 never executed
    #####:  934:	int p = 0;//Iterator for hand!
    #####:  935:	int card_not_discarded = 1;//Flag for discard set!
    #####:  936:	while(card_not_discarded){
branch  0 never executed
branch  1 never executed
    #####:  937:	  if (state->hand[currentPlayer][p] == estate){//Found an estate card!
branch  0 never executed
branch  1 never executed
    #####:  938:	    state->coins += 4;//Add 4 coins to the amount of coins
    #####:  939:	    state->discard[currentPlayer][state->discardCount[currentPlayer]] = state->hand[currentPlayer][p];
    #####:  940:	    state->discardCount[currentPlayer]++;
    #####:  941:	    for (;p < state->handCount[currentPlayer]; p++){
branch  0 never executed
branch  1 never executed
    #####:  942:	      state->hand[currentPlayer][p] = state->hand[currentPlayer][p+1];
        -:  943:	    }
    #####:  944:	    state->hand[currentPlayer][state->handCount[currentPlayer]] = -1;
    #####:  945:	    state->handCount[currentPlayer]--;
    #####:  946:	    card_not_discarded = 0;//Exit the loop
        -:  947:	  }
    #####:  948:	  else if (p > state->handCount[currentPlayer]){
branch  0 never executed
branch  1 never executed
        -:  949:	    if(DEBUG) {
        -:  950:	      printf("No estate cards in your hand, invalid choice\n");
        -:  951:	      printf("Must gain an estate if there are any\n");
        -:  952:	    }
    #####:  953:	    if (supplyCount(estate, state) > 0){
call    0 never executed
branch  1 never executed
branch  2 never executed
    #####:  954:	      gainCard(estate, state, 0, currentPlayer);
call    0 never executed
    #####:  955:	      state->supplyCount[estate]--;//Decrement estates
    #####:  956:	      if (supplyCount(estate, state) == 0){
call    0 never executed
branch  1 never executed
branch  2 never executed
    #####:  957:		isGameOver(state);
call    0 never executed
        -:  958:	      }
        -:  959:	    }
    #####:  960:	    card_not_discarded = 0;//Exit the loop
        -:  961:	  }
        -:  962:			    
        -:  963:	  else{
    #####:  964:	    p++;//Next card
        -:  965:	  }
        -:  966:	}
        -:  967:      }
        -:  968:			    
        -:  969:      else{
    #####:  970:	if (supplyCount(estate, state) > 0){
call    0 never executed
branch  1 never executed
branch  2 never executed
    #####:  971:	  gainCard(estate, state, 0, currentPlayer);//Gain an estate
call    0 never executed
    #####:  972:	  state->supplyCount[estate]--;//Decrement Estates
    #####:  973:	  if (supplyCount(estate, state) == 0){
call    0 never executed
branch  1 never executed
branch  2 never executed
    #####:  974:	    isGameOver(state);
call    0 never executed
        -:  975:	  }
        -:  976:	}
        -:  977:      }
        -:  978:	    
        -:  979:      
    #####:  980:      return 0;
        -:  981:		
        -:  982:    case great_hall:
        -:  983:      //+1 Card
    #####:  984:      drawCard(currentPlayer, state);
call    0 never executed
        -:  985:			
        -:  986:      //+1 Actions
    #####:  987:      state->numActions++;
        -:  988:			
        -:  989:      //discard card from hand
    #####:  990:      discardCard(handPos, currentPlayer, state, 0);
call    0 never executed
    #####:  991:      return 0;
        -:  992:		
        -:  993:    case minion:
        -:  994:      //+1 action
    #####:  995:      state->numActions++;
        -:  996:			
        -:  997:      //discard card from hand
    #####:  998:      discardCard(handPos, currentPlayer, state, 0);
call    0 never executed
        -:  999:			
    #####: 1000:      if (choice1)		//+2 coins
branch  0 never executed
branch  1 never executed
        -: 1001:	{
    #####: 1002:	  state->coins = state->coins + 2;
        -: 1003:	}
        -: 1004:			
    #####: 1005:      else if (choice2)		//discard hand, redraw 4, other players with 5+ cards discard hand and draw 4
branch  0 never executed
branch  1 never executed
        -: 1006:	{
        -: 1007:	  //discard hand
    #####: 1008:	  while(numHandCards(state) > 0)
call    0 never executed
branch  1 never executed
branch  2 never executed
        -: 1009:	    {
    #####: 1010:	      discardCard(handPos, currentPlayer, state, 0);
call    0 never executed
        -: 1011:	    }
        -: 1012:				
        -: 1013:	  //draw 4
    #####: 1014:	  for (i = 0; i < 4; i++)
branch  0 never executed
branch  1 never executed
        -: 1015:	    {
    #####: 1016:	      drawCard(currentPlayer, state);
call    0 never executed
        -: 1017:	    }
        -: 1018:				
        -: 1019:	  //other players discard hand and redraw if hand size > 4
    #####: 1020:	  for (i = 0; i < state->numPlayers; i++)
branch  0 never executed
branch  1 never executed
        -: 1021:	    {
    #####: 1022:	      if (i != currentPlayer)
branch  0 never executed
branch  1 never executed
        -: 1023:		{
    #####: 1024:		  if ( state->handCount[i] > 4 )
branch  0 never executed
branch  1 never executed
        -: 1025:		    {
        -: 1026:		      //discard hand
    #####: 1027:		      while( state->handCount[i] > 0 )
branch  0 never executed
branch  1 never executed
        -: 1028:			{
    #####: 1029:			  discardCard(handPos, i, state, 0);
call    0 never executed
        -: 1030:			}
        -: 1031:							
        -: 1032:		      //draw 4
    #####: 1033:		      for (j = 0; j < 4; j++)
branch  0 never executed
branch  1 never executed
        -: 1034:			{
    #####: 1035:			  drawCard(i, state);
call    0 never executed
        -: 1036:			}
        -: 1037:		    }
        -: 1038:		}
        -: 1039:	    }
        -: 1040:				
        -: 1041:	}
    #####: 1042:      return 0;
        -: 1043:		
        -: 1044:    case steward:
    #####: 1045:      playSteward(choice1, choice2, choice3, state, handPos);
call    0 never executed
    #####: 1046:      return 0;
        -: 1047:		
        -: 1048:    case tribute:
    #####: 1049:      if ((state->discardCount[nextPlayer] + state->deckCount[nextPlayer]) <= 1){
branch  0 never executed
branch  1 never executed
    #####: 1050:	if (state->deckCount[nextPlayer] > 0){
branch  0 never executed
branch  1 never executed
    #####: 1051:	  tributeRevealedCards[0] = state->deck[nextPlayer][state->deckCount[nextPlayer]-1];
    #####: 1052:	  state->deckCount[nextPlayer]--;
        -: 1053:	}
    #####: 1054:	else if (state->discardCount[nextPlayer] > 0){
branch  0 never executed
branch  1 never executed
    #####: 1055:	  tributeRevealedCards[0] = state->discard[nextPlayer][state->discardCount[nextPlayer]-1];
    #####: 1056:	  state->discardCount[nextPlayer]--;
        -: 1057:	}
        -: 1058:	else{
        -: 1059:	  //No Card to Reveal
        -: 1060:	  if (DEBUG){
        -: 1061:	    printf("No cards to reveal\n");
        -: 1062:	  }
        -: 1063:	}
        -: 1064:      }
        -: 1065:	    
        -: 1066:      else{
    #####: 1067:	if (state->deckCount[nextPlayer] == 0){
branch  0 never executed
branch  1 never executed
    #####: 1068:	  for (i = 0; i < state->discardCount[nextPlayer]; i++){
branch  0 never executed
branch  1 never executed
    #####: 1069:	    state->deck[nextPlayer][i] = state->discard[nextPlayer][i];//Move to deck
    #####: 1070:	    state->deckCount[nextPlayer]++;
    #####: 1071:	    state->discard[nextPlayer][i] = -1;
    #####: 1072:	    state->discardCount[nextPlayer]--;
        -: 1073:	  }
        -: 1074:			    
    #####: 1075:	  shuffle(nextPlayer,state);//Shuffle the deck
call    0 never executed
        -: 1076:	} 
    #####: 1077:	tributeRevealedCards[0] = state->deck[nextPlayer][state->deckCount[nextPlayer]-1];
    #####: 1078:	state->deck[nextPlayer][state->deckCount[nextPlayer]--] = -1;
    #####: 1079:	state->deckCount[nextPlayer]--;
    #####: 1080:	tributeRevealedCards[1] = state->deck[nextPlayer][state->deckCount[nextPlayer]-1];
    #####: 1081:	state->deck[nextPlayer][state->deckCount[nextPlayer]--] = -1;
    #####: 1082:	state->deckCount[nextPlayer]--;
        -: 1083:      }    
        -: 1084:		       
    #####: 1085:      if (tributeRevealedCards[0] == tributeRevealedCards[1]){//If we have a duplicate card, just drop one 
branch  0 never executed
branch  1 never executed
    #####: 1086:	state->playedCards[state->playedCardCount] = tributeRevealedCards[1];
    #####: 1087:	state->playedCardCount++;
    #####: 1088:	tributeRevealedCards[1] = -1;
        -: 1089:      }
        -: 1090:
    #####: 1091:      for (i = 0; i <= 2; i ++){
branch  0 never executed
branch  1 never executed
    #####: 1092:	if (tributeRevealedCards[i] == copper || tributeRevealedCards[i] == silver || tributeRevealedCards[i] == gold){//Treasure cards
branch  0 never executed
branch  1 never executed
branch  2 never executed
branch  3 never executed
branch  4 never executed
branch  5 never executed
    #####: 1093:	  state->coins += 2;
        -: 1094:	}
        -: 1095:		    
    #####: 1096:	else if (tributeRevealedCards[i] == estate || tributeRevealedCards[i] == duchy || tributeRevealedCards[i] == province || tributeRevealedCards[i] == gardens || tributeRevealedCards[i] == great_hall){//Victory Card Found
branch  0 never executed
branch  1 never executed
branch  2 never executed
branch  3 never executed
branch  4 never executed
branch  5 never executed
branch  6 never executed
branch  7 never executed
branch  8 never executed
branch  9 never executed
    #####: 1097:	  drawCard(currentPlayer, state);
call    0 never executed
    #####: 1098:	  drawCard(currentPlayer, state);
call    0 never executed
        -: 1099:	}
        -: 1100:	else{//Action Card
    #####: 1101:	  state->numActions = state->numActions + 2;
        -: 1102:	}
        -: 1103:      }
        -: 1104:	    
    #####: 1105:      return 0;
        -: 1106:		
        -: 1107:    case ambassador:
    #####: 1108:      j = 0;		//used to check if player has enough cards to discard
        -: 1109:
    #####: 1110:      if (choice2 > 2 || choice2 < 0)
branch  0 never executed
branch  1 never executed
branch  2 never executed
branch  3 never executed
        -: 1111:	{
    #####: 1112:	  return -1;				
        -: 1113:	}
        -: 1114:
    #####: 1115:      if (choice1 == handPos)
branch  0 never executed
branch  1 never executed
        -: 1116:	{
    #####: 1117:	  return -1;
        -: 1118:	}
        -: 1119:
    #####: 1120:      for (i = 0; i < state->handCount[currentPlayer]; i++)
branch  0 never executed
branch  1 never executed
        -: 1121:	{
    #####: 1122:	  if (i != handPos && i == state->hand[currentPlayer][choice1] && i != choice1)
branch  0 never executed
branch  1 never executed
branch  2 never executed
branch  3 never executed
branch  4 never executed
branch  5 never executed
        -: 1123:	    {
    #####: 1124:	      j++;
        -: 1125:	    }
        -: 1126:	}
    #####: 1127:      if (j < choice2)
branch  0 never executed
branch  1 never executed
        -: 1128:	{
    #####: 1129:	  return -1;				
        -: 1130:	}
        -: 1131:
        -: 1132:      if (DEBUG) 
        -: 1133:	printf("Player %d reveals card number: %d\n", currentPlayer, state->hand[currentPlayer][choice1]);
        -: 1134:
        -: 1135:      //increase supply count for choosen card by amount being discarded
    #####: 1136:      state->supplyCount[state->hand[currentPlayer][choice1]] += choice2;
        -: 1137:			
        -: 1138:      //each other player gains a copy of revealed card
    #####: 1139:      for (i = 0; i < state->numPlayers; i++)
branch  0 never executed
branch  1 never executed
        -: 1140:	{
    #####: 1141:	  if (i != currentPlayer)
branch  0 never executed
branch  1 never executed
        -: 1142:	    {
    #####: 1143:	      gainCard(state->hand[currentPlayer][choice1], state, 0, i);
call    0 never executed
        -: 1144:	    }
        -: 1145:	}
        -: 1146:
        -: 1147:      //discard played card from hand
    #####: 1148:      discardCard(handPos, currentPlayer, state, 0);			
call    0 never executed
        -: 1149:
        -: 1150:      //trash copies of cards returned to supply
    #####: 1151:      for (j = 0; j < choice2; j++)
branch  0 never executed
branch  1 never executed
        -: 1152:	{
    #####: 1153:	  for (i = 0; i < state->handCount[currentPlayer]; i++)
branch  0 never executed
branch  1 never executed
        -: 1154:	    {
    #####: 1155:	      if (state->hand[currentPlayer][i] == state->hand[currentPlayer][choice1])
branch  0 never executed
branch  1 never executed
        -: 1156:		{
    #####: 1157:		  discardCard(i, currentPlayer, state, 1);
call    0 never executed
    #####: 1158:		  break;
        -: 1159:		}
        -: 1160:	    }
        -: 1161:	}			
        -: 1162:
    #####: 1163:      return 0;
        -: 1164:		
        -: 1165:    case cutpurse:
        -: 1166:
    #####: 1167:      updateCoins(currentPlayer, state, 2);
call    0 never executed
    #####: 1168:      for (i = 0; i < state->numPlayers; i++)
branch  0 never executed
branch  1 never executed
        -: 1169:	{
    #####: 1170:	  if (i != currentPlayer)
branch  0 never executed
branch  1 never executed
        -: 1171:	    {
    #####: 1172:	      for (j = 0; j < state->handCount[i]; j++)
branch  0 never executed
branch  1 never executed
        -: 1173:		{
    #####: 1174:		  if (state->hand[i][j] == copper)
branch  0 never executed
branch  1 never executed
        -: 1175:		    {
    #####: 1176:		      discardCard(j, i, state, 0);
call    0 never executed
    #####: 1177:		      break;
        -: 1178:		    }
    #####: 1179:		  if (j == state->handCount[i])
branch  0 never executed
branch  1 never executed
        -: 1180:		    {
    #####: 1181:		      for (k = 0; k < state->handCount[i]; k++)
branch  0 never executed
branch  1 never executed
        -: 1182:			{
        -: 1183:			  if (DEBUG)
        -: 1184:			    printf("Player %d reveals card number %d\n", i, state->hand[i][k]);
        -: 1185:			}	
    #####: 1186:		      break;
        -: 1187:		    }		
        -: 1188:		}
        -: 1189:					
        -: 1190:	    }
        -: 1191:				
        -: 1192:	}				
        -: 1193:
        -: 1194:      //discard played card from hand
    #####: 1195:      discardCard(handPos, currentPlayer, state, 0);			
call    0 never executed
        -: 1196:
    #####: 1197:      return 0;
        -: 1198:
        -: 1199:		
        -: 1200:    case embargo: 
        -: 1201:      //+2 Coins
    #####: 1202:      state->coins = state->coins + 2;
        -: 1203:			
        -: 1204:      //see if selected pile is in play
    #####: 1205:      if ( state->supplyCount[choice1] == -1 )
branch  0 never executed
branch  1 never executed
        -: 1206:	{
    #####: 1207:	  return -1;
        -: 1208:	}
        -: 1209:			
        -: 1210:      //add embargo token to selected supply pile
    #####: 1211:      state->embargoTokens[choice1]++;
        -: 1212:			
        -: 1213:      //trash card
    #####: 1214:      discardCard(handPos, currentPlayer, state, 1);		
call    0 never executed
    #####: 1215:      return 0;
        -: 1216:		
        -: 1217:    case outpost:
        -: 1218:      //set outpost flag
    #####: 1219:      state->outpostPlayed++;
        -: 1220:			
        -: 1221:      //discard card
    #####: 1222:      discardCard(handPos, currentPlayer, state, 0);
call    0 never executed
    #####: 1223:      return 0;
        -: 1224:		
        -: 1225:    case salvager:
        -: 1226:      //+1 buy
    #####: 1227:      state->numBuys++;
        -: 1228:			
    #####: 1229:      if (choice1)
branch  0 never executed
branch  1 never executed
        -: 1230:	{
        -: 1231:	  //gain coins equal to trashed card
    #####: 1232:	  state->coins = state->coins + getCost( handCard(choice1, state) );
call    0 never executed
call    1 never executed
        -: 1233:	  //trash card
    #####: 1234:	  discardCard(choice1, currentPlayer, state, 1);	
call    0 never executed
        -: 1235:	}
        -: 1236:			
        -: 1237:      //discard card
    #####: 1238:      discardCard(handPos, currentPlayer, state, 0);
call    0 never executed
    #####: 1239:      return 0;
        -: 1240:		
        -: 1241:    case sea_hag:
    #####: 1242:      for (i = 0; i < state->numPlayers; i++){
branch  0 never executed
branch  1 never executed
    #####: 1243:	if (i != currentPlayer){
branch  0 never executed
branch  1 never executed
    #####: 1244:	  state->discard[i][state->discardCount[i]] = state->deck[i][state->deckCount[i]--];			    state->deckCount[i]--;
    #####: 1245:	  state->discardCount[i]++;
    #####: 1246:	  state->deck[i][state->deckCount[i]--] = curse;//Top card now a curse
        -: 1247:	}
        -: 1248:      }
    #####: 1249:      return 0;
        -: 1250:		
        -: 1251:    case treasure_map:
        -: 1252:      //search hand for another treasure_map
    #####: 1253:      index = -1;
    #####: 1254:      for (i = 0; i < state->handCount[currentPlayer]; i++)
branch  0 never executed
branch  1 never executed
        -: 1255:	{
    #####: 1256:	  if (state->hand[currentPlayer][i] == treasure_map && i != handPos)
branch  0 never executed
branch  1 never executed
branch  2 never executed
branch  3 never executed
        -: 1257:	    {
    #####: 1258:	      index = i;
    #####: 1259:	      break;
        -: 1260:	    }
        -: 1261:	}
    #####: 1262:      if (index > -1)
branch  0 never executed
branch  1 never executed
        -: 1263:	{
        -: 1264:	  //trash both treasure cards
    #####: 1265:	  discardCard(handPos, currentPlayer, state, 1);
call    0 never executed
    #####: 1266:	  discardCard(index, currentPlayer, state, 1);
call    0 never executed
        -: 1267:
        -: 1268:	  //gain 4 Gold cards
    #####: 1269:	  for (i = 0; i < 4; i++)
branch  0 never executed
branch  1 never executed
        -: 1270:	    {
    #####: 1271:	      gainCard(gold, state, 1, currentPlayer);
call    0 never executed
        -: 1272:	    }
        -: 1273:				
        -: 1274:	  //return success
    #####: 1275:	  return 1;
        -: 1276:	}
        -: 1277:			
        -: 1278:      //no second treasure_map found in hand
    #####: 1279:      return -1;
        -: 1280:    }
        -: 1281:	
    #####: 1282:  return -1;
        -: 1283:}
        -: 1284:
function discardCard called 0 returned 0% blocks executed 0%
    #####: 1285:int discardCard(int handPos, int currentPlayer, struct gameState *state, int trashFlag)
        -: 1286:{
        -: 1287:	
        -: 1288:  //if card is not trashed, added to Played pile 
    #####: 1289:  if (trashFlag < 1)
branch  0 never executed
branch  1 never executed
        -: 1290:    {
        -: 1291:      //add card to played pile
    #####: 1292:      state->playedCards[state->playedCardCount] = state->hand[currentPlayer][handPos]; 
    #####: 1293:      state->playedCardCount++;
        -: 1294:    }
        -: 1295:	
        -: 1296:  //set played card to -1
    #####: 1297:  state->hand[currentPlayer][handPos] = -1;
        -: 1298:	
        -: 1299:  //remove card from player's hand
    #####: 1300:  if ( handPos == (state->handCount[currentPlayer] - 1) ) 	//last card in hand array is played
branch  0 never executed
branch  1 never executed
        -: 1301:    {
        -: 1302:      //reduce number of cards in hand
    #####: 1303:      state->handCount[currentPlayer]--;
        -: 1304:    }
    #####: 1305:  else if ( state->handCount[currentPlayer] == 1 ) //only one card in hand
branch  0 never executed
branch  1 never executed
        -: 1306:    {
        -: 1307:      //reduce number of cards in hand
    #####: 1308:      state->handCount[currentPlayer]--;
        -: 1309:    }
        -: 1310:  else 	
        -: 1311:    {
        -: 1312:      //replace discarded card with last card in hand
    #####: 1313:      state->hand[currentPlayer][handPos] = state->hand[currentPlayer][ (state->handCount[currentPlayer] - 1)];
        -: 1314:      //set last card to -1
    #####: 1315:      state->hand[currentPlayer][state->handCount[currentPlayer] - 1] = -1;
        -: 1316:      //reduce number of cards in hand
    #####: 1317:      state->handCount[currentPlayer]--;
        -: 1318:    }
        -: 1319:	
    #####: 1320:  return 0;
        -: 1321:}
        -: 1322:
function gainCard called 0 returned 0% blocks executed 0%
    #####: 1323:int gainCard(int supplyPos, struct gameState *state, int toFlag, int player)
        -: 1324:{
        -: 1325:  //Note: supplyPos is enum of choosen card
        -: 1326:	
        -: 1327:  //check if supply pile is empty (0) or card is not used in game (-1)
    #####: 1328:  if ( supplyCount(supplyPos, state) < 1 )
call    0 never executed
branch  1 never executed
branch  2 never executed
        -: 1329:    {
    #####: 1330:      return -1;
        -: 1331:    }
        -: 1332:	
        -: 1333:  //added card for [whoseTurn] current player:
        -: 1334:  // toFlag = 0 : add to discard
        -: 1335:  // toFlag = 1 : add to deck
        -: 1336:  // toFlag = 2 : add to hand
        -: 1337:
    #####: 1338:  if (toFlag == 1)
branch  0 never executed
branch  1 never executed
        -: 1339:    {
    #####: 1340:      state->deck[ player ][ state->deckCount[player] ] = supplyPos;
    #####: 1341:      state->deckCount[player]++;
        -: 1342:    }
    #####: 1343:  else if (toFlag == 2)
branch  0 never executed
branch  1 never executed
        -: 1344:    {
    #####: 1345:      state->hand[ player ][ state->handCount[player] ] = supplyPos;
    #####: 1346:      state->handCount[player]++;
        -: 1347:    }
        -: 1348:  else
        -: 1349:    {
    #####: 1350:      state->discard[player][ state->discardCount[player] ] = supplyPos;
    #####: 1351:      state->discardCount[player]++;
        -: 1352:    }
        -: 1353:	
        -: 1354:  //decrease number in supply pile
    #####: 1355:  state->supplyCount[supplyPos]--;
        -: 1356:	 
    #####: 1357:  return 0;
        -: 1358:}
        -: 1359:
function updateCoins called 2000 returned 100% blocks executed 82%
     2000: 1360:int updateCoins(int player, struct gameState *state, int bonus)
        -: 1361:{
        -: 1362:  int i;
        -: 1363:	
        -: 1364:  //reset coin count
     2000: 1365:  state->coins = 0;
        -: 1366:
        -: 1367:  //add coins for each Treasure card in player's hand
    12000: 1368:  for (i = 0; i < state->handCount[player]; i++)
branch  0 taken 83%
branch  1 taken 17% (fallthrough)
        -: 1369:    {
    10000: 1370:      if (state->hand[player][i] == copper)
branch  0 taken 78% (fallthrough)
branch  1 taken 22%
        -: 1371:	{
     7795: 1372:	  state->coins += 1;
        -: 1373:	}
     2205: 1374:      else if (state->hand[player][i] == silver)
branch  0 taken 0% (fallthrough)
branch  1 taken 100%
        -: 1375:	{
    #####: 1376:	  state->coins += 2;
        -: 1377:	}
     2205: 1378:      else if (state->hand[player][i] == gold)
branch  0 taken 0% (fallthrough)
branch  1 taken 100%
        -: 1379:	{
    #####: 1380:	  state->coins += 3;
        -: 1381:	}	
        -: 1382:    }	
        -: 1383:
        -: 1384:  //add bonus
     2000: 1385:  state->coins += bonus;
        -: 1386:
     2000: 1387:  return 0;
        -: 1388:}
        -: 1389:
        -: 1390:
        -: 1391://end of dominion.c
